#
# There is insufficient memory for the Java Runtime Environment to continue.
# Native memory allocation (mmap) failed to map 1073741824 bytes for G1 virtual space
# Possible reasons:
#   The system is out of physical RAM or swap space
#   The process is running with CompressedOops enabled, and the Java Heap may be blocking the growth of the native heap
# Possible solutions:
#   Reduce memory load on the system
#   Increase physical memory or swap space
#   Check if swap backing store is full
#   Decrease Java heap size (-Xmx/-Xms)
#   Decrease number of Java threads
#   Decrease Java thread stack sizes (-Xss)
#   Set larger code cache with -XX:ReservedCodeCacheSize=
#   JVM is running with Unscaled Compressed Oops mode in which the Java heap is
#     placed in the first 4GB address space. The Java Heap base address is the
#     maximum limit for the native heap growth. Please use -XX:HeapBaseMinAddress
#     to set the Java Heap base and to place the Java Heap above 4GB virtual address.
# This output file may be truncated or incomplete.
#
#  Out of Memory Error (os_windows.cpp:3550), pid=26832, tid=21536
#
# JRE version:  (17.0.7+8) (build )
# Java VM: Java HotSpot(TM) 64-Bit Server VM (17.0.7+8-LTS-224, mixed mode, sharing, tiered, compressed oops, compressed class ptrs, g1 gc, windows-amd64)
# No core dump will be written. Minidumps are not enabled by default on client versions of Windows
#

---------------  S U M M A R Y ------------

Command Line: -Xms1g -Dfile.encoding=UTF-8 -Dapple.awt.UIElement=true c:\\Users\\Dobre Mihai\\AppData\\Roaming\\Garmin\\ConnectIQ\\Sdks\\connectiq-sdk-win-4.2.4-2023-04-05-5830cc591\\bin\\monkeybrains.jar -o bin\\proj.prg -f c:\\Users\\Dobre Mihai\\Desktop\\PHD\\proj\\monkey.jungle -y c:\\Users\\Dobre Mihai\\Desktop\\PHD\\developer_key -d venusq_sim -w

Host: Intel(R) Core(TM) i7-9750H CPU @ 2.60GHz, 12 cores, 7G,  Windows 10 , 64 bit Build 19041 (10.0.19041.3031)
Time: Wed Jul  5 21:27:42 2023 GTB Daylight Time elapsed time: 0.030857 seconds (0d 0h 0m 0s)

---------------  T H R E A D  ---------------

Current thread (0x000002c2752224d0):  JavaThread "Unknown thread" [_thread_in_vm, id=21536, stack(0x000000de25f00000,0x000000de26000000)]

Stack: [0x000000de25f00000,0x000000de26000000]
Native frames: (J=compiled Java code, j=interpreted, Vv=VM code, C=native code)
V  [jvm.dll+0x676a4a]
V  [jvm.dll+0x7d74f4]
V  [jvm.dll+0x7d8c9e]
V  [jvm.dll+0x7d9303]
V  [jvm.dll+0x2452c5]
V  [jvm.dll+0x6738f9]
V  [jvm.dll+0x668232]
V  [jvm.dll+0x302826]
V  [jvm.dll+0x309da6]
V  [jvm.dll+0x35952e]
V  [jvm.dll+0x35975f]
V  [jvm.dll+0x2d9a38]
V  [jvm.dll+0x2da9a4]
V  [jvm.dll+0x7a8fb1]
V  [jvm.dll+0x3670e1]
V  [jvm.dll+0x788359]
V  [jvm.dll+0x3ea5ef]
V  [jvm.dll+0x3ec071]
C  [jli.dll+0x5297]
C  [ucrtbase.dll+0x21bb2]
C  [KERNEL32.DLL+0x17614]
C  [ntdll.dll+0x526f1]


---------------  P R O C E S S  ---------------

Threads class SMR info:
_java_thread_list=0x00007ff932af4998, length=0, elements={
}

Java Threads: ( => current thread )

Other Threads:
  0x000002c27527bfb0 GCTaskThread "GC Thread#0" [stack: 0x000000de26000000,0x000000de26100000] [id=19400]
  0x000002c27528e920 ConcurrentGCThread "G1 Main Marker" [stack: 0x000000de26100000,0x000000de26200000] [id=11060]
  0x000002c27528f9e0 ConcurrentGCThread "G1 Conc#0" [stack: 0x000000de26200000,0x000000de26300000] [id=5492]

[error occurred during error reporting (printing all threads), id 0xc0000005, EXCEPTION_ACCESS_VIOLATION (0xc0000005) at pc=0x00007ff93232a697]

VM state: not at safepoint (not fully initialized)

VM Mutex/Monitor currently owned by a thread:  ([mutex/lock_event])
[0x000002c27521e150] Heap_lock - owner thread: 0x000002c2752224d0

Heap address: 0x0000000082800000, size: 2008 MB, Compressed Oops mode: 32-bit

CDS archive(s) mapped at: [0x0000000000000000-0x0000000000000000-0x0000000000000000), size 0, SharedBaseAddress: 0x0000000800000000, ArchiveRelocationMode: 0.
Narrow klass base: 0x0000000000000000, Narrow klass shift: 0, Narrow klass range: 0x0

GC Precious Log:
<Empty>

Heap:
 garbage-first heap   total 0K, used 0K [0x0000000082800000, 0x0000000100000000)
  region size 1024K, 0 young (0K), 0 survivors (0K)

[error occurred during error reporting (printing heap information), id 0xc0000005, EXCEPTION_ACCESS_VIOLATION (0xc0000005) at pc=0x00007ff9327100b9]

GC Heap History (0 events):
No events

Deoptimization events (0 events):
No events

Classes unloaded (0 events):
No events

Classes redefined (0 events):
No events

Internal exceptions (0 events):
No events

VM Operations (0 events):
No events

Events (1 events):
Event: 0.014 Loaded shared library C:\Program Files\Java\jdk-17\bin\java.dll


Dynamic libraries:
0x00007ff61e150000 - 0x00007ff61e160000 	C:\Program Files\Java\jdk-17\bin\java.exe
0x00007ffa143f0000 - 0x00007ffa145e8000 	C:\Windows\SYSTEM32\ntdll.dll
0x00007ffa14160000 - 0x00007ffa1421f000 	C:\Windows\System32\KERNEL32.DLL
0x00007ffa11c90000 - 0x00007ffa11f86000 	C:\Windows\System32\KERNELBASE.dll
0x00007ffa12140000 - 0x00007ffa12240000 	C:\Windows\System32\ucrtbase.dll
0x00007ff9f8100000 - 0x00007ff9f811b000 	C:\Program Files\Java\jdk-17\bin\VCRUNTIME140.dll
0x00007ff9e74f0000 - 0x00007ff9e7509000 	C:\Program Files\Java\jdk-17\bin\jli.dll
0x00007ffa12f40000 - 0x00007ffa12fef000 	C:\Windows\System32\ADVAPI32.dll
0x00007ffa12b10000 - 0x00007ffa12bae000 	C:\Windows\System32\msvcrt.dll
0x00007ffa12a70000 - 0x00007ffa12b0c000 	C:\Windows\System32\sechost.dll
0x00007ffa12bb0000 - 0x00007ffa12cd6000 	C:\Windows\System32\RPCRT4.dll
0x00007ffa13aa0000 - 0x00007ffa13c3d000 	C:\Windows\System32\USER32.dll
0x00007ff9f9ce0000 - 0x00007ff9f9f7a000 	C:\Windows\WinSxS\amd64_microsoft.windows.common-controls_6595b64144ccf1df_6.0.19041.1110_none_60b5254171f9507e\COMCTL32.dll
0x00007ffa11c30000 - 0x00007ffa11c52000 	C:\Windows\System32\win32u.dll
0x00007ffa13f60000 - 0x00007ffa13f8c000 	C:\Windows\System32\GDI32.dll
0x00007ffa11f90000 - 0x00007ffa120a5000 	C:\Windows\System32\gdi32full.dll
0x00007ffa12240000 - 0x00007ffa122dd000 	C:\Windows\System32\msvcp_win.dll
0x00007ffa0ac10000 - 0x00007ffa0ac1a000 	C:\Windows\SYSTEM32\VERSION.dll
0x00007ffa12d60000 - 0x00007ffa12d90000 	C:\Windows\System32\IMM32.DLL
0x00007ff9fa840000 - 0x00007ff9fa84c000 	C:\Program Files\Java\jdk-17\bin\vcruntime140_1.dll
0x00007ff9bf590000 - 0x00007ff9bf61e000 	C:\Program Files\Java\jdk-17\bin\msvcp140.dll
0x00007ff932040000 - 0x00007ff932c1d000 	C:\Program Files\Java\jdk-17\bin\server\jvm.dll
0x00007ffa140e0000 - 0x00007ffa140e8000 	C:\Windows\System32\PSAPI.DLL
0x00007ffa0c0c0000 - 0x00007ffa0c0e7000 	C:\Windows\SYSTEM32\WINMM.dll
0x00007ff9e8140000 - 0x00007ff9e8149000 	C:\Windows\SYSTEM32\WSOCK32.dll
0x00007ffa140f0000 - 0x00007ffa1415b000 	C:\Windows\System32\WS2_32.dll
0x00007ffa0f940000 - 0x00007ffa0f952000 	C:\Windows\SYSTEM32\kernel.appcore.dll
0x00007ff9fa6f0000 - 0x00007ff9fa6fa000 	C:\Program Files\Java\jdk-17\bin\jimage.dll
0x00007ffa08f50000 - 0x00007ffa09134000 	C:\Windows\SYSTEM32\DBGHELP.DLL
0x00007ff9f4a60000 - 0x00007ff9f4a94000 	C:\Windows\SYSTEM32\dbgcore.DLL
0x00007ffa120b0000 - 0x00007ffa12132000 	C:\Windows\System32\bcryptPrimitives.dll
0x00007ff9e7410000 - 0x00007ff9e7435000 	C:\Program Files\Java\jdk-17\bin\java.dll

dbghelp: loaded successfully - version: 4.0.5 - missing functions: none
symbol engine: initialized successfully - sym options: 0x614 - pdb path: .;C:\Program Files\Java\jdk-17\bin;C:\Windows\SYSTEM32;C:\Windows\WinSxS\amd64_microsoft.windows.common-controls_6595b64144ccf1df_6.0.19041.1110_none_60b5254171f9507e;C:\Program Files\Java\jdk-17\bin\server

VM Arguments:
jvm_args: -Xms1g -Dfile.encoding=UTF-8 -Dapple.awt.UIElement=true 
java_command: c:\\Users\\Dobre Mihai\\AppData\\Roaming\\Garmin\\ConnectIQ\\Sdks\\connectiq-sdk-win-4.2.4-2023-04-05-5830cc591\\bin\\monkeybrains.jar -o bin\\proj.prg -f c:\\Users\\Dobre Mihai\\Desktop\\PHD\\proj\\monkey.jungle -y c:\\Users\\Dobre Mihai\\Desktop\\PHD\\developer_key -d venusq_sim -w
java_class_path (initial): c:\\Users\\Dobre Mihai\\AppData\\Roaming\\Garmin\\ConnectIQ\\Sdks\\connectiq-sdk-win-4.2.4-2023-04-05-5830cc591\\bin\\monkeybrains.jar
Launcher Type: SUN_STANDARD

[Global flags]
     intx CICompilerCount                          = 4                                         {product} {ergonomic}
     uint ConcGCThreads                            = 3                                         {product} {ergonomic}
     uint G1ConcRefinementThreads                  = 10                                        {product} {ergonomic}
   size_t G1HeapRegionSize                         = 1048576                                   {product} {ergonomic}
    uintx GCDrainStackTargetSize                   = 64                                        {product} {ergonomic}
   size_t InitialHeapSize                          = 1073741824                                {product} {command line}
   size_t MarkStackSize                            = 4194304                                   {product} {ergonomic}
   size_t MaxHeapSize                              = 2105540608                                {product} {ergonomic}
   size_t MinHeapDeltaBytes                        = 1048576                                   {product} {ergonomic}
   size_t MinHeapSize                              = 1073741824                                {product} {command line}
    uintx NonNMethodCodeHeapSize                   = 5839372                                {pd product} {ergonomic}
    uintx NonProfiledCodeHeapSize                  = 122909434                              {pd product} {ergonomic}
    uintx ProfiledCodeHeapSize                     = 122909434                              {pd product} {ergonomic}
    uintx ReservedCodeCacheSize                    = 251658240                              {pd product} {ergonomic}
     bool SegmentedCodeCache                       = true                                      {product} {ergonomic}
   size_t SoftMaxHeapSize                          = 2105540608                             {manageable} {ergonomic}
     bool UseCompressedClassPointers               = true                           {product lp64_product} {ergonomic}
     bool UseCompressedOops                        = true                           {product lp64_product} {ergonomic}
     bool UseG1GC                                  = true                                      {product} {ergonomic}
     bool UseLargePagesIndividualAllocation        = false                                  {pd product} {ergonomic}

Logging:
Log output configuration:
 #0: stdout all=warning uptime,level,tags
 #1: stderr all=off uptime,level,tags

Environment Variables:
JAVA_HOME=C:\Program Files\Java\jdk-17
CLASSPATH=C:\JADE\jade\lib\jade.jar;.;
PATH=C:\Program Files (x86)\Microsoft SDKs\Azure\CLI2\wbin;C:\Program Files\Common Files\Oracle\Java\javapath;C:\Program Files (x86)\Common Files\Intel\Shared Libraries\redist\intel64\compiler;C:\Python310\Scripts\;C:\Python310\;C:\Program Files (x86)\Common Files\Oracle\Java\javapath;C:\Windows\system32;C:\Windows;C:\Windows\System32\Wbem;C:\Windows\System32\WindowsPowerShell\v1.0\;C:\Windows\System32\OpenSSH\;C:\HashiCorp\Vagrant\bin;C:\Program Files\NVIDIA Corporation\NVIDIA NvDLISR;C:\Program Files (x86)\NVIDIA Corporation\PhysX\Common;C:\Program Files (x86)\Git\cmd;C:\Program Files\nodejs\;C:\ProgramData\chocolatey\bin;;C:\Program Files\Java\jdk-11.0.16.1\bin;C:\Program Files\PuTTY\;C:\Program Files\Amazon\AWSCLIV2\;C:\minikube;C:\Program Files\Docker\Docker\resources\bin;C:\Users\Dobre Mihai\.windows-build-tools\python27\;C:\Users\Dobre Mihai\AppData\Roaming\npm\node_modules\windows-build-tools\node_modules\.bin;C:\Users\Dobre Mihai\AppData\Roaming\npm\node_modules\node_modules\.bin;C:\Users\Dobre Mihai\AppData\Roaming\npm\node_modules\.bin;C:\Users\Dobre Mihai\AppData\Roaming\node_modules\.bin;C:\Users\Dobre Mihai\AppData\node_modules\.bin;C:\Users\Dobre Mihai\node_modules\.bin;C:\Users\node_modules\.bin;C:\node_modules\.bin;C:\Program Files\nodejs\node_modules\npm\node_modules\@npmcli\run-script\lib\node-gyp-bin;C:\Program Files (x86)\Microsoft SDKs\Azure\CLI2\wbin;C:\Program Files\Common Files\Oracle\Java\javapath;C:\Program Files (x86)\Common Files\Intel\Shared Libraries\redist\intel64\compiler;C:\Python310\Scripts\;C:\Python310\;C:\Program Files (x86)\Common Files\Oracle\Java\javapath;C:\Windows\system32;C:\Windows;C:\Windows\System32\Wbem;C:\Windows\System32\WindowsPowerShell\v1.0\;C:\Windows\System32\OpenSSH\;C:\HashiCorp\Vagrant\bin;C:\Program Files\NVIDIA Corporation\NVIDIA NvDLISR;C:\Program Files (x86)\NVIDIA Corporation\PhysX\Common;C:\Program Files (x86)\Git\cmd;C:\Program Files\nodejs\;C:\ProgramData\chocolatey\bin;;C:\Program Files\Java\jdk-11.0.16
USERNAME=dobre.mihai
LANG=en_US.UTF-8
OS=Windows_NT
PROCESSOR_IDENTIFIER=Intel64 Family 6 Model 158 Stepping 10, GenuineIntel



---------------  S Y S T E M  ---------------

OS:
 Windows 10 , 64 bit Build 19041 (10.0.19041.3031)
OS uptime: 3 days 14:45 hours
Hyper-V role detected

CPU: total 12 (initial active 12) (6 cores per cpu, 2 threads per core) family 6 model 158 stepping 10 microcode 0xcc, cx8, cmov, fxsr, ht, mmx, 3dnowpref, sse, sse2, sse3, ssse3, sse4.1, sse4.2, popcnt, lzcnt, tsc, tscinvbit, avx, avx2, aes, erms, clmul, bmi1, bmi2, adx, fma, vzeroupper, clflush, clflushopt, hv

Memory: 4k page, system-wide physical 8029M (279M free)
TotalPageFile size 32604M (AvailPageFile size 684M)
current process WorkingSet (physical memory assigned to process): 10M, peak: 10M
current process commit charge ("private bytes"): 64M, peak: 1088M

vm_info: Java HotSpot(TM) 64-Bit Server VM (17.0.7+8-LTS-224) for windows-amd64 JRE (17.0.7+8-LTS-224), built on Feb 28 2023 23:03:02 by "mach5one" with MS VC++ 17.1 (VS2022)

END.
